[2025-07-12 17:13:58] [INFO] Initializing Memory Bank for project: aimemory
[2025-07-12 17:13:58] [INFO] Configuration file created: .memory-bank-config.json
[2025-07-12 17:13:58] [INFO] Schema file created: .memory-bank-schema.json
[2025-07-12 17:13:58] [INFO] Memory bank structure validation passed
[2025-07-12 17:13:58] [INFO] Memory Bank initialization completed successfully
[2025-07-12 17:14:34] [INFO] Initializing Memory Bank for project: aimemory
[2025-07-12 17:14:34] [INFO] Configuration file created: .memory-bank-config.json
[2025-07-12 17:14:34] [INFO] Schema file created: .memory-bank-schema.json
[2025-07-12 17:14:34] [INFO] Memory bank structure validation passed
[2025-07-12 17:14:34] [INFO] Memory Bank initialization completed successfully
[2025-07-12 17:15:11] [INFO] Initializing Memory Bank for project: aimemory
[2025-07-12 17:15:11] [INFO] Configuration file created: .memory-bank-config.json
[2025-07-12 17:15:11] [INFO] Schema file created: .memory-bank-schema.json
[2025-07-12 17:15:11] [INFO] Memory bank structure validation passed
[2025-07-12 17:15:11] [INFO] Memory Bank initialization completed successfully
[2025-07-12 17:15:11] [INFO] Setting up all Memory Bank integrations...
[2025-07-12 17:15:11] [INFO] Setting up Cursor integration...
[2025-07-12 17:15:11] [INFO] Cursor integration configured successfully
[2025-07-12 17:15:11] [INFO] Setting up VS Code integration...
[2025-07-12 17:15:11] [INFO] VS Code snippets installed successfully
[2025-07-12 17:15:11] [INFO] Available snippets: memorycontext, memoryupdate, aiask, techcontext, progresscontext
[2025-07-12 17:15:11] [INFO] Creating universal context scripts...
[2025-07-12 17:15:11] [INFO] Universal context scripts created successfully
[2025-07-12 17:15:11] [INFO] All integrations configured successfully
[2025-07-12 17:15:11] [INFO] Memory bank structure validation passed
[2025-07-12 17:15:12] [INFO] Running memory bank integrity validation...
[2025-07-12 17:15:12] [INFO] Memory bank integrity validation passed ✅
